C51 COMPILER V9.00   MAIN                                                                  09/22/2016 20:02:17 PAGE 1   


C51 COMPILER V9.00, COMPILATION OF MODULE MAIN
OBJECT MODULE PLACED IN ..\output\main.obj
COMPILER INVOKED BY: C:\Keil_v4\C51\BIN\C51.EXE ..\main.c LARGE BROWSE INCDIR(..\src;..\..\9.22最终完成;..\user;..\objec
                    -t;..\output) DEBUG OBJECTEXTEND OBJECT(..\output\main.obj)

line level    source

   1          #include <config.h>
   2          
   3          void main(void)
   4          {       
   5   1                      Lcd_Reset(); //初始化LCD屏
   6   1                      Lcd_Clear(1);//清屏
   7   1                      Key_Init();                               
   8   1                      InitTimer();            
   9   1                      while(1)
  10   1                      {
  11   2                              Snake_Game();
  12   2                      }
  13   1      
  14   1      
  15   1      }


MODULE INFORMATION:   STATIC OVERLAYABLE
   CODE SIZE        =     19    ----
   CONSTANT SIZE    =   ----    ----
   XDATA SIZE       =   ----    ----
   PDATA SIZE       =   ----    ----
   DATA SIZE        =   ----    ----
   IDATA SIZE       =   ----    ----
   BIT SIZE         =   ----    ----
END OF MODULE INFORMATION.


C51 COMPILATION COMPLETE.  0 WARNING(S),  0 ERROR(S)
