C51 COMPILER V9.00   DELAY                                                                 09/22/2016 20:02:18 PAGE 1   


C51 COMPILER V9.00, COMPILATION OF MODULE DELAY
OBJECT MODULE PLACED IN ..\output\delay.obj
COMPILER INVOKED BY: C:\Keil_v4\C51\BIN\C51.EXE ..\src\delay.c LARGE BROWSE INCDIR(..\src;..\..\9.22最终完成;..\user;..\
                    -object;..\output) DEBUG OBJECTEXTEND PRINT(.\delay.lst) OBJECT(..\output\delay.obj)

line level    source

   1          #include <config.h>
   2          //void   Delayms(unsigned int n)            //延时10×n毫秒程序
   3          //{
   4          //       unsigned int i,j;
   5          //       for(i=0;i<n;i++)
   6          //       for(j=0;j<3000;j++);
   7          //}
   8          
   9          void   Delaynms(unsigned int m)            //延时程序
  10          {
  11   1            unsigned int i,j;
  12   1            for(i=0;i<m;i++)
  13   1            for(j=0;j<16;j++);
  14   1      }


MODULE INFORMATION:   STATIC OVERLAYABLE
   CODE SIZE        =     32    ----
   CONSTANT SIZE    =   ----    ----
   XDATA SIZE       =   ----    ----
   PDATA SIZE       =   ----    ----
   DATA SIZE        =   ----    ----
   IDATA SIZE       =   ----    ----
   BIT SIZE         =   ----    ----
END OF MODULE INFORMATION.


C51 COMPILATION COMPLETE.  0 WARNING(S),  0 ERROR(S)
