C51 COMPILER V9.00   RANDOM                                                                09/22/2016 20:02:18 PAGE 1   


C51 COMPILER V9.00, COMPILATION OF MODULE RANDOM
OBJECT MODULE PLACED IN ..\output\random.obj
COMPILER INVOKED BY: C:\Keil_v4\C51\BIN\C51.EXE ..\user\random.c LARGE BROWSE INCDIR(..\src;..\..\9.22最终完成;..\user;.
                    -.\object;..\output) DEBUG OBJECTEXTEND PRINT(.\random.lst) OBJECT(..\output\random.obj)

line level    source

   1          #include <config.h>
   2          
   3          static unsigned long Seed = 1;
   4          #define A 48271L
   5          #define M 2147483647L
   6          #define Q (M / A)
   7          #define R (M % A)
   8          
   9          /************************************
  10          伪随机数发生器
  11          *************************************/
  12          double Random(void)
  13          {
  14   1              long TmpSeed;
  15   1              TmpSeed=A*(Seed%Q)-R*(Seed/Q);
  16   1              if(TmpSeed>=0)
  17   1                      Seed=TmpSeed;
  18   1              else
  19   1                      Seed=TmpSeed+M;
  20   1              return (double)Seed/M;
  21   1      }
  22          /**************************************
  23          为随机数播种
  24          ***************************************/
  25          void InitRandom(unsigned long InitVal)
  26          {
  27   1              Seed=InitVal;
  28   1      }


MODULE INFORMATION:   STATIC OVERLAYABLE
   CODE SIZE        =    203    ----
   CONSTANT SIZE    =   ----    ----
   XDATA SIZE       =      4       4
   PDATA SIZE       =   ----    ----
   DATA SIZE        =   ----    ----
   IDATA SIZE       =   ----    ----
   BIT SIZE         =   ----    ----
END OF MODULE INFORMATION.


C51 COMPILATION COMPLETE.  0 WARNING(S),  0 ERROR(S)
